<?xml version="1.0" encoding="UTF-8"?>
<!-- Generated by org.testng.reporters.JUnitXMLReporter -->
<testsuite ignored="4" hostname="DESKTOP-4U27L9N" failures="0" tests="2" name="Surefire test" time="11.103" errors="0" timestamp="2025-10-24T11:37:28 IST">
  <testcase classname="com.tests.APITest" name="verifyGetUsersAPI" time="2.478"/>
  <testcase classname="com.tests.UITest" name="verifyLogin" time="4.296"/>
  <testcase classname="com.base.BaseTest" name="@BeforeSuite setupReport" time="0.0">
    <ignored/>
  </testcase> <!-- @BeforeSuite setupReport -->
  <testcase classname="com.base.BaseTest" name="@AfterSuite flaushReport" time="0.0">
    <ignored/>
  </testcase> <!-- @AfterSuite flaushReport -->
  <testcase classname="com.base.BaseTest" name="@BeforeSuite setupReport" time="0.0">
    <ignored/>
  </testcase> <!-- @BeforeSuite setupReport -->
  <testcase classname="com.base.BaseTest" name="@AfterSuite flaushReport" time="0.0">
    <ignored/>
  </testcase> <!-- @AfterSuite flaushReport -->
</testsuite> <!-- Surefire test -->
