<?xml version="1.0" encoding="UTF-8"?>
<!-- Generated by org.testng.reporters.JUnitXMLReporter -->
<testsuite ignored="2" hostname="DESKTOP-4U27L9N" failures="0" tests="2" name="POC execution" time="12.271" errors="0" timestamp="2025-10-23T15:40:39 IST">
  <testcase classname="com.tests.APITest" name="verifyGetUsersAPI" time="2.255"/>
  <testcase classname="com.tests.UITest" name="verifyLogin" time="6.419"/>
  <testcase classname="com.base.BaseTest" name="@AfterSuite flaushReport" time="0.0">
    <ignored/>
  </testcase> <!-- @AfterSuite flaushReport -->
  <testcase classname="com.base.BaseTest" name="@BeforeSuite setupReport" time="0.0">
    <ignored/>
  </testcase> <!-- @BeforeSuite setupReport -->
</testsuite> <!-- POC execution -->
