<?xml version="1.0" encoding="UTF-8"?>
<testng-results ignored="0" total="2" passed="2" failed="0" skipped="0">
  <reporter-output>
  </reporter-output>
  <suite started-at="2025-10-23T15:40:26 IST" name="Automation POC Suite" finished-at="2025-10-23T15:40:39 IST" duration-ms="12271">
    <groups>
    </groups>
    <test started-at="2025-10-23T15:40:26 IST" name="POC execution" finished-at="2025-10-23T15:40:39 IST" duration-ms="12271">
      <class name="com.tests.APITest">
        <test-method is-config="true" signature="setupReport()[pri:0, instance:com.tests.APITest@5f049ea1]" started-at="2025-10-23T15:40:26 IST" name="setupReport" finished-at="2025-10-23T15:40:26 IST" duration-ms="411" status="PASS">
          <reporter-output>
          </reporter-output>
        </test-method> <!-- setupReport -->
        <test-method is-config="true" signature="setupDriver()[pri:0, instance:com.tests.APITest@5f049ea1]" started-at="2025-10-23T15:40:26 IST" name="setupDriver" finished-at="2025-10-23T15:40:28 IST" duration-ms="2007" status="PASS">
          <reporter-output>
          </reporter-output>
        </test-method> <!-- setupDriver -->
        <test-method signature="verifyGetUsersAPI()[pri:0, instance:com.tests.APITest@5f049ea1]" started-at="2025-10-23T15:40:28 IST" name="verifyGetUsersAPI" finished-at="2025-10-23T15:40:31 IST" duration-ms="2255" status="PASS">
          <reporter-output>
          </reporter-output>
        </test-method> <!-- verifyGetUsersAPI -->
        <test-method is-config="true" signature="tearDown(org.testng.ITestResult)[pri:0, instance:com.tests.APITest@5f049ea1]" started-at="2025-10-23T15:40:31 IST" name="tearDown" finished-at="2025-10-23T15:40:31 IST" duration-ms="246" status="PASS">
          <params>
            <param index="0">
              <value>
                <![CDATA[[TestResult name=verifyGetUsersAPI status=SUCCESS method=APITest.verifyGetUsersAPI()[pri:0, instance:com.tests.APITest@5f049ea1] output={null}]]]>
              </value>
            </param>
          </params>
          <reporter-output>
          </reporter-output>
        </test-method> <!-- tearDown -->
        <test-method is-config="true" signature="flaushReport()[pri:0, instance:com.tests.APITest@5f049ea1]" started-at="2025-10-23T15:40:39 IST" name="flaushReport" finished-at="2025-10-23T15:40:39 IST" duration-ms="464" status="PASS">
          <reporter-output>
          </reporter-output>
        </test-method> <!-- flaushReport -->
      </class> <!-- com.tests.APITest -->
      <class name="com.tests.UITest">
        <test-method is-config="true" signature="setupDriver()[pri:0, instance:com.tests.UITest@606e4010]" started-at="2025-10-23T15:40:31 IST" name="setupDriver" finished-at="2025-10-23T15:40:32 IST" duration-ms="1057" status="PASS">
          <reporter-output>
          </reporter-output>
        </test-method> <!-- setupDriver -->
        <test-method signature="verifyLogin()[pri:0, instance:com.tests.UITest@606e4010]" started-at="2025-10-23T15:40:32 IST" name="verifyLogin" finished-at="2025-10-23T15:40:38 IST" duration-ms="6419" status="PASS">
          <reporter-output>
          </reporter-output>
        </test-method> <!-- verifyLogin -->
        <test-method is-config="true" signature="tearDown(org.testng.ITestResult)[pri:0, instance:com.tests.UITest@606e4010]" started-at="2025-10-23T15:40:38 IST" name="tearDown" finished-at="2025-10-23T15:40:39 IST" duration-ms="229" status="PASS">
          <params>
            <param index="0">
              <value>
                <![CDATA[[TestResult name=verifyLogin status=SUCCESS method=UITest.verifyLogin()[pri:0, instance:com.tests.UITest@606e4010] output={null}]]]>
              </value>
            </param>
          </params>
          <reporter-output>
          </reporter-output>
        </test-method> <!-- tearDown -->
      </class> <!-- com.tests.UITest -->
    </test> <!-- POC execution -->
  </suite> <!-- Automation POC Suite -->
</testng-results>
